<?xml version="1.0" encoding="UTF-8"?>
<!-- Generated by org.testng.reporters.JUnitXMLReporter -->
<testsuite ignored="2" hostname="DESKTOP-A02MU5C" failures="0" tests="5" name="Car Loan" time="0.458" errors="0" timestamp="2023-12-31T10:17:10 IST">
  <testcase classname="test.day3" name="MobileLogincarLoan" time="0.007"/>
  <testcase classname="test.day3" name="MobilesignoutcarLoan" time="0.012"/>
  <testcase classname="test.day3" name="MobilesignoutcarLoan" time="0.007"/>
  <testcase classname="test.day3" name="MobilesignoutcarLoan" time="0.017"/>
  <testcase classname="test.day3" name="WebloginCarLoan" time="0.008"/>
  <testcase classname="test.day3" name="APIcarLoan" time="0.0">
    <ignored/>
  </testcase> <!-- APIcarLoan -->
  <testcase classname="test.day3" name="MobilesignimcarLoan" time="0.0">
    <ignored/>
  </testcase> <!-- MobilesignimcarLoan -->
</testsuite> <!-- Car Loan -->
